<?xml version="1.0" encoding="UTF-8"?>
<testng-results ignored="0" total="1" passed="1" failed="0" skipped="0">
  <reporter-output>
  </reporter-output>
  <suite started-at="2024-05-25T18:57:24Z" name="Default suite" finished-at="2024-05-25T18:57:38Z" duration-ms="13431">
    <groups>
    </groups>
    <test started-at="2024-05-25T18:57:24Z" name="Default test" finished-at="2024-05-25T18:57:38Z" duration-ms="13431">
      <class name="test.LoginTest">
        <test-method signature="validUserShouldBeAbleToLogin()[pri:0, instance:test.LoginTest@662706a7]" started-at="2024-05-25T18:57:24Z" name="validUserShouldBeAbleToLogin" finished-at="2024-05-25T18:57:38Z" duration-ms="13398" status="PASS">
          <reporter-output>
          </reporter-output>
        </test-method> <!-- validUserShouldBeAbleToLogin -->
      </class> <!-- test.LoginTest -->
    </test> <!-- Default test -->
  </suite> <!-- Default suite -->
</testng-results>
